========================================
  PCD Dogfooding
========================================
PCD frames: 108
GT poses: 108
IMU samples: 0 (imu.csv not found)
Timestamp source: sampled GT timestamps
Frame gap [s]: min=1.000 median=1.000 mean=1.000 max=1.000
Trajectory length: 98.9 m
[seed-perturb] local-frame dx=0.250m dy=0.000m dz=0.000m yaw=0.000deg
Running NDT...
  source_voxel_size=0.750 max_source_points=2000 resolution=0.500 max_iterations=12 map_max_points=22000

  [NDT] 10/108 score=2.393
  [NDT] 20/108 score=2.575
  [NDT] 30/108 score=2.482
  [NDT] 40/108 score=2.386
  [NDT] 50/108 score=2.222
  [NDT] 60/108 score=2.529
  [NDT] 70/108 score=2.324
  [NDT] 80/108 score=2.480
  [NDT] 90/108 score=2.361
  [NDT] 100/108 score=2.569

========================================
  RESULTS (Real Data)
========================================
Method                  Status      ATE [m]     Frames      Time [ms]      FPS
---------------------------------------------------------------------------------------
NDT                     ok          0.258       108         7107.2         15.2

Notes:
- NDT: Uses GT-seeded scan-to-map initialization with weak-update fallback in this dogfooding tool. Seed perturbation applied in local seed frame: dx=0.250m dy=0.000m dz=0.000m yaw=0.000deg.

Results saved to dogfooding_results/
