========================================
  PCD Dogfooding
========================================
PCD frames: 108
GT poses: 108
IMU samples: 0 (imu.csv not found)
Timestamp source: sampled GT timestamps
Frame gap [s]: min=1.000 median=1.000 mean=1.000 max=1.000
Trajectory length: 98.9 m
[seed-perturb] local-frame dx=0.000m dy=0.250m dz=0.000m yaw=0.000deg
Running NDT...
  source_voxel_size=0.750 max_source_points=2000 resolution=0.500 max_iterations=12 map_max_points=22000

  [NDT] 10/108 score=2.611
  [NDT] 20/108 score=2.579
  [NDT] 30/108 score=2.277
  [NDT] 40/108 score=2.429
  [NDT] 50/108 score=2.073
  [NDT] 60/108 score=2.298
  [NDT] 70/108 score=2.537
  [NDT] 80/108 score=2.704
  [NDT] 90/108 score=2.307
  [NDT] 100/108 score=2.538

========================================
  RESULTS (Real Data)
========================================
Method                  Status      ATE [m]     Frames      Time [ms]      FPS
---------------------------------------------------------------------------------------
NDT                     ok          0.275       108         6921.0         15.6

Notes:
- NDT: Uses GT-seeded scan-to-map initialization with weak-update fallback in this dogfooding tool. Seed perturbation applied in local seed frame: dx=0.000m dy=0.250m dz=0.000m yaw=0.000deg.

Results saved to dogfooding_results/
