========================================
  PCD Dogfooding
========================================
PCD frames: 108
GT poses: 108
IMU samples: 0 (imu.csv not found)
Timestamp source: sampled GT timestamps
Frame gap [s]: min=1.000 median=1.000 mean=1.000 max=1.000
Trajectory length: 58.6 m
Running CT-ICP+NDT...
  ct_icp_voxel_resolution=1.2 ct_icp_max_iterations=10 ndt_resolution=0.5 ndt_max_iterations=12
  [CT-ICP] 10/108  [CT-ICP] 20/108  [CT-ICP] 30/108  [CT-ICP] 40/108  [CT-ICP] 50/108  [CT-ICP] 60/108  [CT-ICP] 70/108  [CT-ICP] 80/108  [CT-ICP] 90/108  [CT-ICP] 100/108
  [NDT] 10/108 score=2.002  [NDT] 20/108 score=2.147  [NDT] 30/108 score=2.343  [NDT] 40/108 score=2.544  [NDT] 50/108 score=2.448  [NDT] 60/108 score=2.643  [NDT] 70/108 score=2.572  [NDT] 80/108 score=2.815  [NDT] 90/108 score=2.647  [NDT] 100/108 score=2.794

========================================
  RESULTS (Real Data)
========================================
Method                  Status      ATE [m]     Frames      Time [ms]      FPS
---------------------------------------------------------------------------------------
CT-ICP+NDT              ok          11.759      108         9471.0         11.4

Notes:
- CT-ICP+NDT: Hybrid: CT-ICP no-GT odometry prior feeds NDT scan-to-map initial guess; first frame remains anchored to GT for dogfooding alignment. CT-ICP prior ATE=11.768m. Runtime is CT-ICP+NDT combined.

Results saved to dogfooding_results/
