========================================
  PCD Dogfooding
========================================
PCD frames: 108
GT poses: 108
IMU samples: 0 (imu.csv not found)
Timestamp source: sampled GT timestamps
Frame gap [s]: min=1.000 median=1.000 mean=1.000 max=1.000
Trajectory length: 58.6 m
Running FixedMap-NDT...
  source_voxel_size=0.8 max_source_points=2000 resolution=0.5 max_iterations=12 map_max_points=120000 map_stride=1 seed_source=ct_icp
  [CT-ICP] 10/108  [CT-ICP] 20/108  [CT-ICP] 30/108  [CT-ICP] 40/108  [CT-ICP] 50/108  [CT-ICP] 60/108  [CT-ICP] 70/108  [CT-ICP] 80/108  [CT-ICP] 90/108  [CT-ICP] 100/108
  [FixedMap-NDT] 10/108 score=0.000 accepted=0/10  [FixedMap-NDT] 20/108 score=0.000 accepted=0/20  [FixedMap-NDT] 30/108 score=0.000 accepted=0/30  [FixedMap-NDT] 40/108 score=0.000 accepted=0/40  [FixedMap-NDT] 50/108 score=0.000 accepted=0/50  [FixedMap-NDT] 60/108 score=0.000 accepted=0/60  [FixedMap-NDT] 70/108 score=0.000 accepted=0/70  [FixedMap-NDT] 80/108 score=0.000 accepted=1/80  [FixedMap-NDT] 90/108 score=0.000 accepted=1/90  [FixedMap-NDT] 100/108 score=0.000 accepted=1/100

========================================
  RESULTS (Real Data)
========================================
Method                  Status      ATE [m]     Frames      Time [ms]      FPS
---------------------------------------------------------------------------------------
FixedMap-NDT+CTICP      ok          11.632      108         4979.0         21.7

Notes:
- FixedMap-NDT+CTICP: Fixed-map NDT: target map built once from GT/reference poses (stride=1, map_points=120000). Seed source=ct_icp, accepted=1/107, rejected=106, seed fallbacks=0. CT-ICP prior ATE=11.632m. Runtime is CT-ICP+NDT combined.

Results saved to dogfooding_results/
