========================================
  PCD Dogfooding
========================================
PCD frames: 108
GT poses: 108
IMU samples: 0 (imu.csv not found)
Timestamp source: sampled GT timestamps
Frame gap [s]: min=1.000 median=1.000 mean=1.000 max=1.000
Trajectory length: 121.2 m
Running FixedMap-NDT...
  source_voxel_size=0.8 max_source_points=2000 resolution=0.5 max_iterations=12 map_max_points=120000 map_stride=10 seed_source=scan_context
  [FixedMap-NDT] 10/108 sc_candidates=10 best_score=0.000 accepted=10/10  [FixedMap-NDT] 20/108 sc_candidates=10 best_score=0.000 accepted=20/20  [FixedMap-NDT] 30/108 sc_candidates=10 best_score=0.021 accepted=30/30  [FixedMap-NDT] 40/108 sc_candidates=10 best_score=0.000 accepted=40/40  [FixedMap-NDT] 50/108 sc_candidates=10 best_score=0.000 accepted=50/50  [FixedMap-NDT] 60/108 sc_candidates=10 best_score=0.288 accepted=60/60  [FixedMap-NDT] 70/108 sc_candidates=10 best_score=0.573 accepted=70/70  [FixedMap-NDT] 80/108 sc_candidates=10 best_score=0.405 accepted=80/80  [FixedMap-NDT] 90/108 sc_candidates=10 best_score=0.456 accepted=90/90  [FixedMap-NDT] 100/108 sc_candidates=10 best_score=0.021 accepted=100/100

========================================
  RESULTS (Real Data)
========================================
Method                  Status      ATE [m]     Frames      Time [ms]      FPS
---------------------------------------------------------------------------------------
FixedMap-NDT+ScanContextok          53.370      108         39461.5        2.7

Notes:
- FixedMap-NDT+ScanContext: Fixed-map NDT: target map built once from GT/reference poses (stride=10, map_points=22000). Seed source=scan_context, accepted=107/107, rejected=0, seed fallbacks=0. ScanContext hits=107/107, top_k=10, NDT candidates evaluated=1070, mean distance=0.2659.

Results saved to dogfooding_results/
