========================================
  PCD Dogfooding
========================================
PCD frames: 108
GT poses: 108
IMU samples: 0 (imu.csv not found)
Timestamp source: sampled GT timestamps
Frame gap [s]: min=1.000 median=1.000 mean=1.000 max=1.000
Trajectory length: 58.6 m
Running FixedMap-NDT...
  source_voxel_size=0.8 max_source_points=2000 resolution=0.5 max_iterations=12 map_max_points=120000 map_stride=10 seed_source=scan_context
  [FixedMap-NDT] 10/108 sc_candidates=10 best_score=0.500 accepted=6/10  [FixedMap-NDT] 20/108 sc_candidates=10 best_score=0.500 accepted=12/20  [FixedMap-NDT] 30/108 sc_candidates=10 best_score=0.537 accepted=19/30  [FixedMap-NDT] 40/108 sc_candidates=10 best_score=inf accepted=27/40  [FixedMap-NDT] 50/108 sc_candidates=10 best_score=inf accepted=34/50  [FixedMap-NDT] 60/108 sc_candidates=10 best_score=0.523 accepted=41/60  [FixedMap-NDT] 70/108 sc_candidates=10 best_score=inf accepted=43/70  [FixedMap-NDT] 80/108 sc_candidates=10 best_score=0.500 accepted=45/80  [FixedMap-NDT] 90/108 sc_candidates=10 best_score=0.500 accepted=52/90  [FixedMap-NDT] 100/108 sc_candidates=10 best_score=0.500 accepted=55/100

========================================
  RESULTS (Real Data)
========================================
Method                  Status      ATE [m]     Frames      Time [ms]      FPS
---------------------------------------------------------------------------------------
FixedMap-NDT+ScanContextok          13.407      108         2927.8         36.9

Notes:
- FixedMap-NDT+ScanContext: Fixed-map NDT: target map built once from GT/reference poses (stride=10, map_points=22000). Seed source=scan_context, accepted=57/107, rejected=50, seed fallbacks=0. ScanContext hits=107/107, top_k=10, NDT candidates evaluated=1070, mean distance=0.2589.

Results saved to dogfooding_results/
