========================================
  PCD Dogfooding
========================================
PCD frames: 108
GT poses: 108
IMU samples: 0 (imu.csv not found)
Timestamp source: sampled GT timestamps
Frame gap [s]: min=1.000 median=1.000 mean=1.000 max=1.000
Trajectory length: 58.6 m
[seed-perturb] local-frame dx=0.500m dy=0.000m dz=0.000m yaw=0.000deg
Running FixedMap-NDT...
  source_voxel_size=0.750 max_source_points=2000 resolution=0.500 max_iterations=12 map_max_points=120000 map_stride=1 seed_source=gt
  [FixedMap-NDT] 10/108 score=0.000 accepted=0/10  [FixedMap-NDT] 20/108 score=0.000 accepted=1/20  [FixedMap-NDT] 30/108 score=0.000 accepted=6/30  [FixedMap-NDT] 40/108 score=1.368 accepted=12/40  [FixedMap-NDT] 50/108 score=0.000 accepted=21/50  [FixedMap-NDT] 60/108 score=1.582 accepted=31/60  [FixedMap-NDT] 70/108 score=2.561 accepted=41/70  [FixedMap-NDT] 80/108 score=3.091 accepted=51/80  [FixedMap-NDT] 90/108 score=2.910 accepted=61/90  [FixedMap-NDT] 100/108 score=2.790 accepted=71/100

========================================
  RESULTS (Real Data)
========================================
Method                  Status      ATE [m]     Frames      Time [ms]      FPS
---------------------------------------------------------------------------------------
FixedMap-NDT+GT         ok          0.495       108         5258.9         20.5

Notes:
- FixedMap-NDT+GT: Fixed-map NDT: target map built once from GT/reference poses (stride=1, map_points=120000). Seed source=gt, accepted=78/107, rejected=29, seed fallbacks=0. Seed perturbation applied in local seed frame: dx=0.500m dy=0.000m dz=0.000m yaw=0.000deg.

Results saved to dogfooding_results/
