========================================
  PCD Dogfooding
========================================
PCD frames: 108
GT poses: 108
IMU samples: 0 (imu.csv not found)
Timestamp source: sampled GT timestamps
Frame gap [s]: min=1.000 median=1.000 mean=1.000 max=1.000
Trajectory length: 98.9 m
[seed-perturb] local-frame dx=0.250m dy=0.000m dz=0.000m yaw=0.000deg
Running FixedMap-NDT...
  source_voxel_size=0.750 max_source_points=2000 resolution=0.500 max_iterations=12 map_max_points=120000 map_stride=1 seed_source=gt
  [FixedMap-NDT] 10/108 score=2.736 accepted=10/10  [FixedMap-NDT] 20/108 score=2.702 accepted=20/20  [FixedMap-NDT] 30/108 score=2.533 accepted=30/30  [FixedMap-NDT] 40/108 score=2.513 accepted=40/40  [FixedMap-NDT] 50/108 score=2.447 accepted=50/50  [FixedMap-NDT] 60/108 score=1.340 accepted=60/60  [FixedMap-NDT] 70/108 score=1.325 accepted=70/70  [FixedMap-NDT] 80/108 score=1.248 accepted=80/80  [FixedMap-NDT] 90/108 score=1.292 accepted=90/90  [FixedMap-NDT] 100/108 score=1.215 accepted=100/100

========================================
  RESULTS (Real Data)
========================================
Method                  Status      ATE [m]     Frames      Time [ms]      FPS
---------------------------------------------------------------------------------------
FixedMap-NDT+GT         ok          0.158       108         7512.7         14.4

Notes:
- FixedMap-NDT+GT: Fixed-map NDT: target map built once from GT/reference poses (stride=1, map_points=120000). Seed source=gt, accepted=107/107, rejected=0, seed fallbacks=0. Seed perturbation applied in local seed frame: dx=0.250m dy=0.000m dz=0.000m yaw=0.000deg.

Results saved to dogfooding_results/
