========================================
  PCD Dogfooding
========================================
PCD frames: 108
GT poses: 108
IMU samples: 0 (imu.csv not found)
Timestamp source: sampled GT timestamps
Frame gap [s]: min=1.000 median=1.000 mean=1.000 max=1.000
Trajectory length: 98.9 m
Running FixedMap-NDT...
  source_voxel_size=0.8 max_source_points=2000 resolution=0.5 max_iterations=12 map_max_points=120000 map_stride=10 seed_source=scan_context
  [FixedMap-NDT] 10/108 sc_candidates=1 best_score=0.714 accepted=1/10  [FixedMap-NDT] 20/108 sc_candidates=1 best_score=0.707 accepted=11/20  [FixedMap-NDT] 30/108 sc_candidates=1 best_score=0.693 accepted=21/30  [FixedMap-NDT] 40/108 sc_candidates=1 best_score=0.740 accepted=31/40  [FixedMap-NDT] 50/108 sc_candidates=1 best_score=0.778 accepted=41/50  [FixedMap-NDT] 60/108 sc_candidates=1 best_score=0.759 accepted=51/60  [FixedMap-NDT] 70/108 sc_candidates=1 best_score=0.740 accepted=61/70  [FixedMap-NDT] 80/108 sc_candidates=1 best_score=0.755 accepted=71/80  [FixedMap-NDT] 90/108 sc_candidates=1 best_score=0.738 accepted=81/90  [FixedMap-NDT] 100/108 sc_candidates=1 best_score=0.719 accepted=91/100

========================================
  RESULTS (Real Data)
========================================
Method                  Status      ATE [m]     Frames      Time [ms]      FPS
---------------------------------------------------------------------------------------
FixedMap-NDT+ScanContextok          4.353       108         5252.4         20.6

Notes:
- FixedMap-NDT+ScanContext: Fixed-map NDT: target map built once from GT/reference poses (stride=10, map_points=22000). Seed source=scan_context, accepted=98/107, rejected=9, seed fallbacks=81. ScanContext hits=26/107, top_k=10, NDT candidates evaluated=26, mean distance=0.0920.

Results saved to dogfooding_results/
