========================================
  PCD Dogfooding
========================================
PCD frames: 108
GT poses: 108
IMU samples: 0 (imu.csv not found)
Timestamp source: sampled GT timestamps
Frame gap [s]: min=1.000 median=1.000 mean=1.000 max=1.000
Trajectory length: 58.6 m
Running FixedMap-NDT...
  source_voxel_size=0.8 max_source_points=2000 resolution=0.5 max_iterations=12 map_max_points=120000 map_stride=10 seed_source=scan_context
  [FixedMap-NDT] 10/108 sc_candidates=1 best_score=0.500 accepted=2/10  [FixedMap-NDT] 20/108 sc_candidates=1 best_score=0.500 accepted=4/20  [FixedMap-NDT] 30/108 sc_candidates=1 best_score=0.537 accepted=8/30  [FixedMap-NDT] 40/108 sc_candidates=1 best_score=inf accepted=11/40  [FixedMap-NDT] 50/108 sc_candidates=1 best_score=inf accepted=14/50  [FixedMap-NDT] 60/108 sc_candidates=1 best_score=0.523 accepted=15/60  [FixedMap-NDT] 70/108 sc_candidates=1 best_score=inf accepted=17/70  [FixedMap-NDT] 80/108 sc_candidates=1 best_score=0.500 accepted=18/80  [FixedMap-NDT] 90/108 sc_candidates=1 best_score=0.500 accepted=20/90  [FixedMap-NDT] 100/108 sc_candidates=1 best_score=0.500 accepted=22/100

========================================
  RESULTS (Real Data)
========================================
Method                  Status      ATE [m]     Frames      Time [ms]      FPS
---------------------------------------------------------------------------------------
FixedMap-NDT+ScanContextok          3.939       108         1188.0         90.9

Notes:
- FixedMap-NDT+ScanContext: Fixed-map NDT: target map built once from GT/reference poses (stride=10, map_points=22000). Seed source=scan_context, accepted=23/107, rejected=84, seed fallbacks=88. ScanContext hits=19/107, top_k=10, NDT candidates evaluated=19, mean distance=0.0754.

Results saved to dogfooding_results/
