========================================
  PCD Dogfooding
========================================
PCD frames: 108
GT poses: 108
IMU samples: 0 (imu.csv not found)
Timestamp source: sampled GT timestamps
Frame gap [s]: min=1.000 median=1.000 mean=1.000 max=1.000
Trajectory length: 98.9 m
[seed-perturb] local-frame dx=0.000m dy=0.000m dz=0.000m yaw=20.000deg
Running FixedMap-NDT...
  source_voxel_size=0.750 max_source_points=2000 resolution=0.500 max_iterations=12 map_max_points=120000 map_stride=1 seed_source=gt
  [FixedMap-NDT] 10/108 score=2.700 accepted=10/10  [FixedMap-NDT] 20/108 score=2.714 accepted=20/20  [FixedMap-NDT] 30/108 score=2.674 accepted=30/30  [FixedMap-NDT] 40/108 score=2.894 accepted=40/40  [FixedMap-NDT] 50/108 score=2.794 accepted=50/50  [FixedMap-NDT] 60/108 score=2.785 accepted=60/60  [FixedMap-NDT] 70/108 score=2.394 accepted=69/70  [FixedMap-NDT] 80/108 score=2.666 accepted=79/80  [FixedMap-NDT] 90/108 score=2.591 accepted=88/90  [FixedMap-NDT] 100/108 score=2.832 accepted=98/100

========================================
  RESULTS (Real Data)
========================================
Method                  Status      ATE [m]     Frames      Time [ms]      FPS
---------------------------------------------------------------------------------------
FixedMap-NDT+GT         ok          0.037       108         8297.7         13.0

Notes:
- FixedMap-NDT+GT: Fixed-map NDT: target map built once from GT/reference poses (stride=1, map_points=120000). Seed source=gt, accepted=105/107, rejected=2, seed fallbacks=0. Seed perturbation applied in local seed frame: dx=0.000m dy=0.000m dz=0.000m yaw=20.000deg.

Results saved to dogfooding_results/
