========================================
  PCD Dogfooding
========================================
PCD frames: 108
GT poses: 108
IMU samples: 0 (imu.csv not found)
Timestamp source: sampled GT timestamps
Frame gap [s]: min=1.000 median=1.000 mean=1.000 max=1.000
Trajectory length: 121.2 m
Running FixedMap-NDT...
  source_voxel_size=0.8 max_source_points=2000 resolution=0.5 max_iterations=12 map_max_points=120000 map_stride=5 seed_source=scan_context
  [FixedMap-NDT] 10/108 score=0.764 accepted=6/10  [FixedMap-NDT] 20/108 score=0.805 accepted=16/20  [FixedMap-NDT] 30/108 score=0.801 accepted=25/30  [FixedMap-NDT] 40/108 score=0.809 accepted=34/40  [FixedMap-NDT] 50/108 score=0.853 accepted=44/50  [FixedMap-NDT] 60/108 score=0.801 accepted=53/60  [FixedMap-NDT] 70/108 score=0.849 accepted=62/70  [FixedMap-NDT] 80/108 score=0.801 accepted=71/80  [FixedMap-NDT] 90/108 score=0.786 accepted=81/90  [FixedMap-NDT] 100/108 score=0.787 accepted=91/100

========================================
  RESULTS (Real Data)
========================================
Method                  Status      ATE [m]     Frames      Time [ms]      FPS
---------------------------------------------------------------------------------------
FixedMap-NDT+ScanContextok          2.579       108         5906.1         18.3

Notes:
- FixedMap-NDT+ScanContext: Fixed-map NDT: target map built once from GT/reference poses (stride=5, map_points=44000). Seed source=scan_context, accepted=98/107, rejected=9, seed fallbacks=66. ScanContext hits=41/107, mean distance=0.0756.

Results saved to dogfooding_results/
