========================================
  PCD Dogfooding
========================================
PCD frames: 108
GT poses: 108
IMU samples: 0 (imu.csv not found)
Timestamp source: sampled GT timestamps
Frame gap [s]: min=1.000 median=1.000 mean=1.000 max=1.000
Trajectory length: 58.6 m
Running FixedMap-NDT...
  source_voxel_size=0.8 max_source_points=2000 resolution=0.5 max_iterations=12 map_max_points=120000 map_stride=5 seed_source=scan_context
  [FixedMap-NDT] 10/108 sc_candidates=1 best_score=0.513 accepted=5/10  [FixedMap-NDT] 20/108 sc_candidates=1 best_score=0.520 accepted=10/20  [FixedMap-NDT] 30/108 sc_candidates=1 best_score=0.535 accepted=16/30  [FixedMap-NDT] 40/108 sc_candidates=1 best_score=0.540 accepted=24/40  [FixedMap-NDT] 50/108 sc_candidates=1 best_score=0.549 accepted=33/50  [FixedMap-NDT] 60/108 sc_candidates=1 best_score=0.589 accepted=38/60  [FixedMap-NDT] 70/108 sc_candidates=1 best_score=0.542 accepted=42/70  [FixedMap-NDT] 80/108 sc_candidates=1 best_score=0.511 accepted=45/80  [FixedMap-NDT] 90/108 sc_candidates=1 best_score=0.543 accepted=50/90  [FixedMap-NDT] 100/108 sc_candidates=1 best_score=0.543 accepted=56/100

========================================
  RESULTS (Real Data)
========================================
Method                  Status      ATE [m]     Frames      Time [ms]      FPS
---------------------------------------------------------------------------------------
FixedMap-NDT+ScanContextok          1.503       108         2026.9         53.3

Notes:
- FixedMap-NDT+ScanContext: Fixed-map NDT: target map built once from GT/reference poses (stride=5, map_points=44000). Seed source=scan_context, accepted=59/107, rejected=48, seed fallbacks=70. ScanContext hits=37/107, top_k=5, NDT candidates evaluated=39, mean distance=0.0686.

Results saved to dogfooding_results/
