========================================
  PCD Dogfooding
========================================
PCD frames: 108
GT poses: 108
IMU samples: 0 (imu.csv not found)
Timestamp source: sampled GT timestamps
Frame gap [s]: min=1.000 median=1.000 mean=1.000 max=1.000
Trajectory length: 58.6 m
Running FixedMap-NDT...
  source_voxel_size=0.8 max_source_points=2000 resolution=0.5 max_iterations=12 map_max_points=120000 map_stride=5 seed_source=scan_context
  [FixedMap-NDT] 10/108 sc_candidates=5 best_score=0.513 accepted=6/10  [FixedMap-NDT] 20/108 sc_candidates=5 best_score=0.000 accepted=16/20  [FixedMap-NDT] 30/108 sc_candidates=5 best_score=0.080 accepted=25/30  [FixedMap-NDT] 40/108 sc_candidates=5 best_score=0.540 accepted=35/40  [FixedMap-NDT] 50/108 sc_candidates=5 best_score=0.000 accepted=45/50  [FixedMap-NDT] 60/108 sc_candidates=5 best_score=0.000 accepted=53/60  [FixedMap-NDT] 70/108 sc_candidates=5 best_score=0.000 accepted=61/70  [FixedMap-NDT] 80/108 sc_candidates=5 best_score=0.511 accepted=69/80  [FixedMap-NDT] 90/108 sc_candidates=5 best_score=0.000 accepted=77/90  [FixedMap-NDT] 100/108 sc_candidates=5 best_score=0.543 accepted=87/100

========================================
  RESULTS (Real Data)
========================================
Method                  Status      ATE [m]     Frames      Time [ms]      FPS
---------------------------------------------------------------------------------------
FixedMap-NDT+ScanContextok          3.902       108         4174.7         25.9

Notes:
- FixedMap-NDT+ScanContext: Fixed-map NDT: target map built once from GT/reference poses (stride=5, map_points=44000). Seed source=scan_context, accepted=93/107, rejected=14, seed fallbacks=0. ScanContext hits=107/107, top_k=5, NDT candidates evaluated=535, mean distance=0.1893.

Results saved to dogfooding_results/
