========================================
  PCD Dogfooding
========================================
PCD frames: 108
GT poses: 108
IMU samples: 0 (imu.csv not found)
Timestamp source: sampled GT timestamps
Frame gap [s]: min=1.000 median=1.000 mean=1.000 max=1.000
Trajectory length: 58.6 m
Running FixedMap-NDT...
  source_voxel_size=0.8 max_source_points=2000 resolution=0.5 max_iterations=12 map_max_points=120000 map_stride=1 seed_source=scan_context
  [FixedMap-NDT] 10/108 score=0.000 accepted=6/10  [FixedMap-NDT] 20/108 score=0.500 accepted=15/20  [FixedMap-NDT] 30/108 score=0.566 accepted=25/30  [FixedMap-NDT] 40/108 score=0.737 accepted=35/40  [FixedMap-NDT] 50/108 score=0.676 accepted=45/50  [FixedMap-NDT] 60/108 score=0.745 accepted=55/60  [FixedMap-NDT] 70/108 score=0.736 accepted=65/70  [FixedMap-NDT] 80/108 score=0.725 accepted=74/80  [FixedMap-NDT] 90/108 score=0.715 accepted=83/90  [FixedMap-NDT] 100/108 score=0.706 accepted=92/100

========================================
  RESULTS (Real Data)
========================================
Method                  Status      ATE [m]     Frames      Time [ms]      FPS
---------------------------------------------------------------------------------------
FixedMap-NDT+ScanContextok          0.021       108         2345.7         46.0

Notes:
- FixedMap-NDT+ScanContext: Fixed-map NDT: target map built once from GT/reference poses (stride=1, map_points=120000). Seed source=scan_context, accepted=99/107, rejected=8, seed fallbacks=0. ScanContext hits=107/107, mean distance=0.0000.

Results saved to dogfooding_results/
