========================================
  PCD Dogfooding
========================================
PCD frames: 108
GT poses: 108
IMU samples: 0 (imu.csv not found)
Timestamp source: sampled GT timestamps
Frame gap [s]: min=1.000 median=1.000 mean=1.000 max=1.000
Trajectory length: 98.9 m
Running FixedMap-NDT...
  source_voxel_size=0.8 max_source_points=2000 resolution=0.5 max_iterations=12 map_max_points=120000 map_stride=10 seed_source=scan_context
  [FixedMap-NDT] 10/108 sc_candidates=5 best_score=0.714 accepted=10/10  [FixedMap-NDT] 20/108 sc_candidates=5 best_score=0.048 accepted=20/20  [FixedMap-NDT] 30/108 sc_candidates=5 best_score=0.693 accepted=30/30  [FixedMap-NDT] 40/108 sc_candidates=5 best_score=0.740 accepted=40/40  [FixedMap-NDT] 50/108 sc_candidates=5 best_score=0.778 accepted=50/50  [FixedMap-NDT] 60/108 sc_candidates=5 best_score=0.759 accepted=60/60  [FixedMap-NDT] 70/108 sc_candidates=5 best_score=0.740 accepted=70/70  [FixedMap-NDT] 80/108 sc_candidates=5 best_score=0.755 accepted=80/80  [FixedMap-NDT] 90/108 sc_candidates=5 best_score=0.738 accepted=90/90  [FixedMap-NDT] 100/108 sc_candidates=5 best_score=0.719 accepted=100/100

========================================
  RESULTS (Real Data)
========================================
Method                  Status      ATE [m]     Frames      Time [ms]      FPS
---------------------------------------------------------------------------------------
FixedMap-NDT+ScanContextok          23.095      108         21967.7        4.9

Notes:
- FixedMap-NDT+ScanContext: Fixed-map NDT: target map built once from GT/reference poses (stride=10, map_points=22000). Seed source=scan_context, accepted=107/107, rejected=0, seed fallbacks=0. ScanContext hits=107/107, top_k=5, NDT candidates evaluated=535, mean distance=0.2560.

Results saved to dogfooding_results/
