========================================
  PCD Dogfooding
========================================
PCD frames: 108
GT poses: 108
IMU samples: 0 (imu.csv not found)
Timestamp source: sampled GT timestamps
Frame gap [s]: min=1.000 median=1.000 mean=1.000 max=1.000
Trajectory length: 98.9 m
Running FixedMap-NDT...
  source_voxel_size=0.8 max_source_points=2000 resolution=0.5 max_iterations=12 map_max_points=120000 map_stride=5 seed_source=scan_context
  [FixedMap-NDT] 10/108 sc_candidates=5 best_score=0.880 accepted=10/10  [FixedMap-NDT] 20/108 sc_candidates=5 best_score=0.890 accepted=20/20  [FixedMap-NDT] 30/108 sc_candidates=5 best_score=0.913 accepted=30/30  [FixedMap-NDT] 40/108 sc_candidates=5 best_score=0.966 accepted=40/40  [FixedMap-NDT] 50/108 sc_candidates=5 best_score=0.952 accepted=50/50  [FixedMap-NDT] 60/108 sc_candidates=5 best_score=0.965 accepted=60/60  [FixedMap-NDT] 70/108 sc_candidates=5 best_score=0.985 accepted=70/70  [FixedMap-NDT] 80/108 sc_candidates=5 best_score=0.929 accepted=80/80  [FixedMap-NDT] 90/108 sc_candidates=5 best_score=0.924 accepted=90/90  [FixedMap-NDT] 100/108 sc_candidates=5 best_score=0.878 accepted=100/100

========================================
  RESULTS (Real Data)
========================================
Method                  Status      ATE [m]     Frames      Time [ms]      FPS
---------------------------------------------------------------------------------------
FixedMap-NDT+ScanContextok          17.019      108         26078.9        4.1

Notes:
- FixedMap-NDT+ScanContext: Fixed-map NDT: target map built once from GT/reference poses (stride=5, map_points=44000). Seed source=scan_context, accepted=107/107, rejected=0, seed fallbacks=0. ScanContext hits=107/107, top_k=5, NDT candidates evaluated=535, mean distance=0.1582.

Results saved to dogfooding_results/
