========================================
  PCD Dogfooding
========================================
PCD frames: 108
GT poses: 108
IMU samples: 0 (imu.csv not found)
Timestamp source: sampled GT timestamps
Frame gap [s]: min=1.000 median=1.000 mean=1.000 max=1.000
Trajectory length: 98.9 m
Running FixedMap-NDT...
  source_voxel_size=0.8 max_source_points=2000 resolution=0.5 max_iterations=12 map_max_points=120000 map_stride=1 seed_source=ct_icp
  [CT-ICP] 10/108  [CT-ICP] 20/108  [CT-ICP] 30/108  [CT-ICP] 40/108  [CT-ICP] 50/108  [CT-ICP] 60/108  [CT-ICP] 70/108  [CT-ICP] 80/108  [CT-ICP] 90/108  [CT-ICP] 100/108
  [FixedMap-NDT] 10/108 score=2.818 accepted=10/10  [FixedMap-NDT] 20/108 score=2.532 accepted=19/20  [FixedMap-NDT] 30/108 score=2.691 accepted=29/30  [FixedMap-NDT] 40/108 score=2.617 accepted=39/40  [FixedMap-NDT] 50/108 score=2.579 accepted=49/50  [FixedMap-NDT] 60/108 score=2.817 accepted=59/60  [FixedMap-NDT] 70/108 score=2.630 accepted=69/70  [FixedMap-NDT] 80/108 score=2.806 accepted=78/80  [FixedMap-NDT] 90/108 score=2.596 accepted=88/90  [FixedMap-NDT] 100/108 score=2.472 accepted=98/100

========================================
  RESULTS (Real Data)
========================================
Method                  Status      ATE [m]     Frames      Time [ms]      FPS
---------------------------------------------------------------------------------------
FixedMap-NDT+CTICP      ok          0.568       108         12335.7        8.8

Notes:
- FixedMap-NDT+CTICP: Fixed-map NDT: target map built once from GT/reference poses (stride=1, map_points=120000). Seed source=ct_icp, accepted=104/107, rejected=3, seed fallbacks=0. CT-ICP prior ATE=0.583m. Runtime is CT-ICP+NDT combined.

Results saved to dogfooding_results/
