========================================
  PCD Dogfooding
========================================
PCD frames: 108
GT poses: 108
IMU samples: 0 (imu.csv not found)
Timestamp source: sampled GT timestamps
Frame gap [s]: min=1.000 median=1.000 mean=1.000 max=1.000
Trajectory length: 98.9 m
Running CT-ICP+NDT keyframe...
  ct_icp_voxel_resolution=1.2 ct_icp_max_iterations=10 ndt_resolution=0.5 ndt_max_iterations=12 keyframe_interval=1 max_correction_translation=1.0 max_correction_rotation_rad=0.3
  [CT-ICP] 10/108  [CT-ICP] 20/108  [CT-ICP] 30/108  [CT-ICP] 40/108  [CT-ICP] 50/108  [CT-ICP] 60/108  [CT-ICP] 70/108  [CT-ICP] 80/108  [CT-ICP] 90/108  [CT-ICP] 100/108
  [CT-ICP+NDT-KF] 10/108 score=2.549 accepted=8/10  [CT-ICP+NDT-KF] 20/108 score=2.752 accepted=17/20  [CT-ICP+NDT-KF] 30/108 score=2.582 accepted=27/30  [CT-ICP+NDT-KF] 40/108 score=2.465 accepted=37/40  [CT-ICP+NDT-KF] 50/108 score=2.398 accepted=46/50  [CT-ICP+NDT-KF] 60/108 score=2.585 accepted=56/60  [CT-ICP+NDT-KF] 70/108 score=2.591 accepted=66/70  [CT-ICP+NDT-KF] 80/108 score=2.798 accepted=75/80  [CT-ICP+NDT-KF] 90/108 score=2.406 accepted=85/90  [CT-ICP+NDT-KF] 100/108 score=2.622 accepted=95/100

========================================
  RESULTS (Real Data)
========================================
Method                  Status      ATE [m]     Frames      Time [ms]      FPS
---------------------------------------------------------------------------------------
CT-ICP+NDT-KF           ok          0.553       108         10936.4        9.9

Notes:
- CT-ICP+NDT-KF: Hybrid keyframe correction: CT-ICP no-GT odometry is the base trajectory; NDT T1 correction is attempted every 1 frames and accepted only when correction delta is <= 1m / 0.35rad. accepted=102/107, rejected=5, finite-prior fallbacks=0, CT-ICP prior ATE=0.583m. Runtime is CT-ICP+NDT combined.

Results saved to dogfooding_results/
