========================================
  PCD Dogfooding
========================================
PCD frames: 108
GT poses: 108
IMU samples: 0 (imu.csv not found)
Timestamp source: sampled GT timestamps
Frame gap [s]: min=1.000 median=1.000 mean=1.000 max=1.000
Trajectory length: 121.2 m
[seed-perturb] local-frame dx=2.000m dy=0.000m dz=0.000m yaw=0.000deg
Running NDT...
  source_voxel_size=0.750 max_source_points=2000 resolution=0.500 max_iterations=12 map_max_points=22000

  [NDT] 10/108 score=2.434
  [NDT] 20/108 score=2.513
  [NDT] 30/108 score=2.633
  [NDT] 40/108 score=2.856
  [NDT] 50/108 score=2.820
  [NDT] 60/108 score=2.557
  [NDT] 70/108 score=2.732
  [NDT] 80/108 score=2.490
  [NDT] 90/108 score=2.884
  [NDT] 100/108 score=2.642

========================================
  RESULTS (Real Data)
========================================
Method                  Status      ATE [m]     Frames      Time [ms]      FPS
---------------------------------------------------------------------------------------
NDT                     ok          1.992       108         6751.4         16.0

Notes:
- NDT: Uses GT-seeded scan-to-map initialization with weak-update fallback in this dogfooding tool. Seed perturbation applied in local seed frame: dx=2.000m dy=0.000m dz=0.000m yaw=0.000deg.

Results saved to dogfooding_results/
