========================================
  PCD Dogfooding
========================================
PCD frames: 108
GT poses: 108
IMU samples: 0 (imu.csv not found)
Timestamp source: sampled GT timestamps
Frame gap [s]: min=1.000 median=1.000 mean=1.000 max=1.000
Trajectory length: 121.2 m
[seed-perturb] local-frame dx=1.000m dy=0.000m dz=0.000m yaw=0.000deg
Running NDT...
  source_voxel_size=0.750 max_source_points=2000 resolution=0.500 max_iterations=12 map_max_points=22000

  [NDT] 10/108 score=2.271
  [NDT] 20/108 score=2.374
  [NDT] 30/108 score=2.730
  [NDT] 40/108 score=2.654
  [NDT] 50/108 score=2.707
  [NDT] 60/108 score=2.832
  [NDT] 70/108 score=2.557
  [NDT] 80/108 score=2.656
  [NDT] 90/108 score=2.740
  [NDT] 100/108 score=2.853

========================================
  RESULTS (Real Data)
========================================
Method                  Status      ATE [m]     Frames      Time [ms]      FPS
---------------------------------------------------------------------------------------
NDT                     ok          0.993       108         6733.6         16.0

Notes:
- NDT: Uses GT-seeded scan-to-map initialization with weak-update fallback in this dogfooding tool. Seed perturbation applied in local seed frame: dx=1.000m dy=0.000m dz=0.000m yaw=0.000deg.

Results saved to dogfooding_results/
